0	1	mikroCPIC1618.exe -MSF -DBG -pP16F690 -DL -O11111114 -fo8 -N"E:\Projects\PIC\MikroC\DigitalClock\DigitalClock.mcppi" -SP"C:\Program Files\Microelektronika\microC PRO for PIC\defs\" -SP"C:\Program Files\Microelektronika\microC PRO for PIC\Uses\P16\" -SP"E:\Projects\PIC\MikroC\DigitalClock\" -SP"C:\Users\Zim\Documents\Mikroelektronika\mikroC PRO for PIC\defs\" -SP"C:\Users\Zim\Documents\Mikroelektronika\mikroC PRO for PIC\Uses\P16\" "DigitalClock.c" "__Lib_Math.mcl" "__Lib_MathDouble.mcl" "__Lib_System.mcl" "__Lib_Delays.mcl" "__Lib_CType.mcl" "__Lib_CString.mcl" "__Lib_CStdlib.mcl" "__Lib_CMath.mcl" "__Lib_MemManager.mcl" "__Lib_Conversions.mcl" "__Lib_Sprinti.mcl" "__Lib_Sprintl.mcl" "__Lib_Time.mcl" "__Lib_Trigonometry.mcl" "__Lib_Button.mcl" "__Lib_Keypad4x4.mcl" "__Lib_Manchester.mcl" "__Lib_OneWire.mcl" "__Lib_PS2.mcl" "__Lib_Sound.mcl" "__Lib_SoftI2C.mcl" "__Lib_SoftSPI.mcl" "__Lib_SoftUART.mcl" "__Lib_ADC_A_B.mcl" "__Lib_EEPROM.mcl" "__Lib_FLASH_R.mcl" "__Lib_PWM_c5.mcl" "__Lib_SPI_b64c7.mcl" "__Lib_UART_b75.mcl" "__Lib_PortExpander.mcl" "__Lib_CANSPI.mcl" "__Lib_CF.mcl" "__Lib_GlcdFonts.mcl" "__Lib_Glcd.mcl" "__Lib_LcdConsts.mcl" "__Lib_Lcd.mcl" "__Lib_RS485.mcl" "__Lib_S1D13700.mcl" "__Lib_T6963C.mcl" "__Lib_SPIGlcd.mcl" "__Lib_SPILcd.mcl" "__Lib_SPILcd8.mcl" "__Lib_SPIT6963C.mcl" "__Lib_TouchPanel.mcl"	 
warning: 0	1501	Specified search path does not exist: 'C:\Users\Zim\Documents\Mikroelektronika\mikroC PRO for PIC\defs'	 
warning: 0	1501	Specified search path does not exist: 'C:\Users\Zim\Documents\Mikroelektronika\mikroC PRO for PIC\Uses\P16'	 
hint: 0	1139	Available RAM: 240 [bytes], Available ROM: 4096 [bytes]	 
diagnostics: 0	122	Compilation Started	P16F690.c
diagnostics: 857	123	Compiled Successfully	P16F690.c
diagnostics: 0	122	Compilation Started	__Lib_Delays.c
diagnostics: 123	123	Compiled Successfully	__Lib_Delays.c
diagnostics: 0	122	Compilation Started	__Lib_MemManager.c
warning: 34	1508	Implicit conversion of int to ptr	__Lib_MemManager.c
diagnostics: 231	123	Compiled Successfully	__Lib_MemManager.c
diagnostics: 0	122	Compilation Started	__Lib_GlcdFonts.c
diagnostics: 1207	123	Compiled Successfully	__Lib_GlcdFonts.c
diagnostics: 0	126	All files Preprocessed in 62 ms	 
diagnostics: 0	122	Compilation Started	DigitalClock.c
diagnostics: 495	123	Compiled Successfully	DigitalClock.c
diagnostics: 0	127	All files Compiled in 94 ms	 
hint: 0	1144	Used RAM (bytes): 20 (8%)  Free RAM (bytes): 220 (92%)	Used RAM (bytes): 20 (8%)  Free RAM (bytes): 220 (92%)
hint: 0	1144	Used ROM (program words): 1467 (36%)  Free ROM (program words): 2629 (64%)	Used ROM (program words): 1467 (36%)  Free ROM (program words): 2629 (64%)
diagnostics: 0	125	Project Linked Successfully	DigitalClock.mcppi
diagnostics: 0	128	Linked in 156 ms	 
diagnostics: 0	129	Project 'DigitalClock.mcppi' completed: 828 ms	 
diagnostics: 0	103	Finished successfully: 28 ספט 2015, 16:19:39	DigitalClock.mcppi
